<?xml version="1.0" encoding="UTF-8"?>
<!-- Generated by org.testng.reporters.JUnitReportReporter -->
<testsuite hostname="LAPTOP-N7JTQDTK" failures="0" tests="1" name="test_Cases.Demo_2" time="0.013" errors="0" timestamp="2023-03-27T15:31:12 IST" skipped="0">
  <testcase classname="test_Cases.Demo_2" name="add" time="0.013"/>
  <system-out/>
</testsuite> <!-- test_Cases.Demo_2 -->
