<?xml version="1.0" encoding="UTF-8"?>
<!-- Generated by org.testng.reporters.JUnitReportReporter -->
<testsuite hostname="LAPTOP-N7JTQDTK" failures="0" tests="1" name="test_Cases.DEMO" time="0.032" errors="0" timestamp="2023-03-27T15:29:48 IST" skipped="0">
  <testcase classname="test_Cases.DEMO" name="demo" time="0.032"/>
  <system-out/>
</testsuite> <!-- test_Cases.DEMO -->
